<?xml version="1.0" encoding="UTF-8"?>
<!-- Generated by org.testng.reporters.JUnitReportReporter -->
<testsuite skipped="0" hostname="Tringappss-MacBook-Pro-2.local" name="iHTC_Testcases.TC_04_Signup_Buyer_CA_Feature_SignUp_04" tests="1" failures="0" timestamp="18 Feb 2020 05:07:02 GMT" time="130.277" errors="0">
  <testcase name="IHTCPage" time="130.277" classname="iHTC_Testcases.TC_04_Signup_Buyer_CA_Feature_SignUp_04"/>
</testsuite> <!-- iHTC_Testcases.TC_04_Signup_Buyer_CA_Feature_SignUp_04 -->
